# JRE version: Java(TM) SE Runtime Environment (8.0_341-b10) (build 1.8.0_341-b10)
# Java VM: Java HotSpot(TM) 64-Bit Server VM (25.341-b10 mixed mode windows-amd64 compressed oops)
Heap:
 PSYoungGen      total 111104K, used 50127K [0x00000000d5800000, 0x00000000dcf00000, 0x0000000100000000)
  eden space 101888K, 49% used [0x00000000d5800000,0x00000000d88f3e78,0x00000000dbb80000)
  from space 9216K, 0% used [0x00000000dbb80000,0x00000000dbb80000,0x00000000dc480000)
  to   space 8192K, 0% used [0x00000000dc480000,0x00000000dc480000,0x00000000dcc80000)
 ParOldGen       total 94720K, used 14869K [0x0000000080800000, 0x0000000086480000, 0x00000000d5800000)
  object space 94720K, 15% used [0x0000000080800000,0x0000000081685608,0x0000000086480000)
 Metaspace       used 37144K, capacity 39580K, committed 39680K, reserved 1083392K
  class space    used 5111K, capacity 5565K, committed 5632K, reserved 1048576K
GC Heap History (10 events):
Event: 1.353 GC heap before
{Heap before GC invocations=5 (full 1):
 PSYoungGen      total 71680K, used 5109K [0x00000000d5800000, 0x00000000da300000, 0x0000000100000000)
  eden space 66560K, 0% used [0x00000000d5800000,0x00000000d5800000,0x00000000d9900000)
  from space 5120K, 99% used [0x00000000d9e00000,0x00000000da2fd758,0x00000000da300000)
  to   space 5120K, 0% used [0x00000000d9900000,0x00000000d9900000,0x00000000d9e00000)
 ParOldGen       total 87552K, used 3923K [0x0000000080800000, 0x0000000085d80000, 0x00000000d5800000)
  object space 87552K, 4% used [0x0000000080800000,0x0000000080bd4f00,0x0000000085d80000)
 Metaspace       used 19707K, capacity 21276K, committed 21296K, reserved 1067008K
  class space    used 2618K, capacity 2924K, committed 2944K, reserved 1048576K
Event: 1.374 GC heap after
Heap after GC invocations=5 (full 1):
 PSYoungGen      total 71680K, used 0K [0x00000000d5800000, 0x00000000da300000, 0x0000000100000000)
  eden space 66560K, 0% used [0x00000000d5800000,0x00000000d5800000,0x00000000d9900000)
  from space 5120K, 0% used [0x00000000d9e00000,0x00000000d9e00000,0x00000000da300000)
  to   space 5120K, 0% used [0x00000000d9900000,0x00000000d9900000,0x00000000d9e00000)
 ParOldGen       total 58368K, used 7098K [0x0000000080800000, 0x0000000084100000, 0x00000000d5800000)
  object space 58368K, 12% used [0x0000000080800000,0x0000000080eee860,0x0000000084100000)
 Metaspace       used 19707K, capacity 21276K, committed 21296K, reserved 1067008K
  class space    used 2618K, capacity 2924K, committed 2944K, reserved 1048576K
}
Event: 1.679 GC heap before
{Heap before GC invocations=6 (full 1):
 PSYoungGen      total 71680K, used 66560K [0x00000000d5800000, 0x00000000da300000, 0x0000000100000000)
  eden space 66560K, 100% used [0x00000000d5800000,0x00000000d9900000,0x00000000d9900000)
  from space 5120K, 0% used [0x00000000d9e00000,0x00000000d9e00000,0x00000000da300000)
  to   space 5120K, 0% used [0x00000000d9900000,0x00000000d9900000,0x00000000d9e00000)
 ParOldGen       total 58368K, used 7098K [0x0000000080800000, 0x0000000084100000, 0x00000000d5800000)
  object space 58368K, 12% used [0x0000000080800000,0x0000000080eee860,0x0000000084100000)
 Metaspace       used 24326K, capacity 25960K, committed 26112K, reserved 1071104K
  class space    used 3264K, capacity 3574K, committed 3584K, reserved 1048576K
Event: 1.685 GC heap after
Heap after GC invocations=6 (full 1):
 PSYoungGen      total 71680K, used 5109K [0x00000000d5800000, 0x00000000dcc80000, 0x0000000100000000)
  eden space 66560K, 0% used [0x00000000d5800000,0x00000000d5800000,0x00000000d9900000)
  from space 5120K, 99% used [0x00000000d9900000,0x00000000d9dfd550,0x00000000d9e00000)
  to   space 8192K, 0% used [0x00000000dc480000,0x00000000dc480000,0x00000000dcc80000)
 ParOldGen       total 58368K, used 8678K [0x0000000080800000, 0x0000000084100000, 0x00000000d5800000)
  object space 58368K, 14% used [0x0000000080800000,0x0000000081079b68,0x0000000084100000)
 Metaspace       used 24326K, capacity 25960K, committed 26112K, reserved 1071104K
  class space    used 3264K, capacity 3574K, committed 3584K, reserved 1048576K
}
Event: 2.058 GC heap before
{Heap before GC invocations=7 (full 1):
 PSYoungGen      total 71680K, used 71669K [0x00000000d5800000, 0x00000000dcc80000, 0x0000000100000000)
  eden space 66560K, 100% used [0x00000000d5800000,0x00000000d9900000,0x00000000d9900000)
  from space 5120K, 99% used [0x00000000d9900000,0x00000000d9dfd550,0x00000000d9e00000)
  to   space 8192K, 0% used [0x00000000dc480000,0x00000000dc480000,0x00000000dcc80000)
 ParOldGen       total 58368K, used 8678K [0x0000000080800000, 0x0000000084100000, 0x00000000d5800000)
  object space 58368K, 14% used [0x0000000080800000,0x0000000081079b68,0x0000000084100000)
 Metaspace       used 28197K, capacity 30020K, committed 30336K, reserved 1075200K
  class space    used 3783K, capacity 4140K, committed 4224K, reserved 1048576K
Event: 2.065 GC heap after
Heap after GC invocations=7 (full 1):
 PSYoungGen      total 110080K, used 8148K [0x00000000d5800000, 0x00000000dcf00000, 0x0000000100000000)
  eden space 101888K, 0% used [0x00000000d5800000,0x00000000d5800000,0x00000000dbb80000)
  from space 8192K, 99% used [0x00000000dc480000,0x00000000dcc75248,0x00000000dcc80000)
  to   space 9216K, 0% used [0x00000000dbb80000,0x00000000dbb80000,0x00000000dc480000)
 ParOldGen       total 58368K, used 8686K [0x0000000080800000, 0x0000000084100000, 0x00000000d5800000)
  object space 58368K, 14% used [0x0000000080800000,0x000000008107bb68,0x0000000084100000)
 Metaspace       used 28197K, capacity 30020K, committed 30336K, reserved 1075200K
  class space    used 3783K, capacity 4140K, committed 4224K, reserved 1048576K
}
Event: 2.863 GC heap before
{Heap before GC invocations=8 (full 1):
 PSYoungGen      total 110080K, used 97535K [0x00000000d5800000, 0x00000000dcf00000, 0x0000000100000000)
  eden space 101888K, 87% used [0x00000000d5800000,0x00000000daf4abd8,0x00000000dbb80000)
  from space 8192K, 99% used [0x00000000dc480000,0x00000000dcc75248,0x00000000dcc80000)
  to   space 9216K, 0% used [0x00000000dbb80000,0x00000000dbb80000,0x00000000dc480000)
 ParOldGen       total 58368K, used 8686K [0x0000000080800000, 0x0000000084100000, 0x00000000d5800000)
  object space 58368K, 14% used [0x0000000080800000,0x000000008107bb68,0x0000000084100000)
 Metaspace       used 33085K, capacity 35350K, committed 35456K, reserved 1079296K
  class space    used 4497K, capacity 4939K, committed 4992K, reserved 1048576K
Event: 2.874 GC heap after
Heap after GC invocations=8 (full 1):
 PSYoungGen      total 111104K, used 9208K [0x00000000d5800000, 0x00000000dcf00000, 0x0000000100000000)
  eden space 101888K, 0% used [0x00000000d5800000,0x00000000d5800000,0x00000000dbb80000)
  from space 9216K, 99% used [0x00000000dbb80000,0x00000000dc47e3e8,0x00000000dc480000)
  to   space 8192K, 0% used [0x00000000dc480000,0x00000000dc480000,0x00000000dcc80000)
 ParOldGen       total 58368K, used 10095K [0x0000000080800000, 0x0000000084100000, 0x00000000d5800000)
  object space 58368K, 17% used [0x0000000080800000,0x00000000811dbe60,0x0000000084100000)
 Metaspace       used 33085K, capacity 35350K, committed 35456K, reserved 1079296K
  class space    used 4497K, capacity 4939K, committed 4992K, reserved 1048576K
}
Event: 2.874 GC heap before
{Heap before GC invocations=9 (full 2):
 PSYoungGen      total 111104K, used 9208K [0x00000000d5800000, 0x00000000dcf00000, 0x0000000100000000)
  eden space 101888K, 0% used [0x00000000d5800000,0x00000000d5800000,0x00000000dbb80000)
  from space 9216K, 99% used [0x00000000dbb80000,0x00000000dc47e3e8,0x00000000dc480000)
  to   space 8192K, 0% used [0x00000000dc480000,0x00000000dc480000,0x00000000dcc80000)
 ParOldGen       total 58368K, used 10095K [0x0000000080800000, 0x0000000084100000, 0x00000000d5800000)
  object space 58368K, 17% used [0x0000000080800000,0x00000000811dbe60,0x0000000084100000)
 Metaspace       used 33085K, capacity 35350K, committed 35456K, reserved 1079296K
  class space    used 4497K, capacity 4939K, committed 4992K, reserved 1048576K
Event: 2.922 GC heap after
Heap after GC invocations=9 (full 2):
 PSYoungGen      total 111104K, used 0K [0x00000000d5800000, 0x00000000dcf00000, 0x0000000100000000)
  eden space 101888K, 0% used [0x00000000d5800000,0x00000000d5800000,0x00000000dbb80000)
  from space 9216K, 0% used [0x00000000dbb80000,0x00000000dbb80000,0x00000000dc480000)
  to   space 8192K, 0% used [0x00000000dc480000,0x00000000dc480000,0x00000000dcc80000)
 ParOldGen       total 94720K, used 14869K [0x0000000080800000, 0x0000000086480000, 0x00000000d5800000)
  object space 94720K, 15% used [0x0000000080800000,0x0000000081685608,0x0000000086480000)
 Metaspace       used 33085K, capacity 35350K, committed 35456K, reserved 1079296K
  class space    used 4497K, capacity 4939K, committed 4992K, reserved 1048576K
}

