# JRE version: Java(TM) SE Runtime Environment (8.0_341-b10) (build 1.8.0_341-b10)
# Java VM: Java HotSpot(TM) 64-Bit Server VM (25.341-b10 mixed mode windows-amd64 compressed oops)
Heap:
 PSYoungGen      total 134656K, used 71258K [0x00000000d5800000, 0x00000000dea00000, 0x0000000100000000)
  eden space 125440K, 56% used [0x00000000d5800000,0x00000000d9d96b78,0x00000000dd280000)
  from space 9216K, 0% used [0x00000000dd800000,0x00000000dd800000,0x00000000de100000)
  to   space 7680K, 62% used [0x00000000de280000,0x00000000de72d1a0,0x00000000dea00000)
 ParOldGen       total 45568K, used 17324K [0x0000000080800000, 0x0000000083480000, 0x00000000d5800000)
  object space 45568K, 38% used [0x0000000080800000,0x00000000818eb3e8,0x0000000083480000)
 Metaspace       used 40974K, capacity 43280K, committed 43392K, reserved 1093632K
  class space    used 5566K, capacity 5983K, committed 6016K, reserved 1048576K
GC Heap History (10 events):
Event: 1.687 GC heap before
{Heap before GC invocations=5 (full 0):
 PSYoungGen      total 71680K, used 6338K [0x00000000d5800000, 0x00000000da300000, 0x0000000100000000)
  eden space 66560K, 1% used [0x00000000d5800000,0x00000000d59386d8,0x00000000d9900000)
  from space 5120K, 99% used [0x00000000d9e00000,0x00000000da2f8238,0x00000000da300000)
  to   space 5120K, 0% used [0x00000000d9900000,0x00000000d9900000,0x00000000d9e00000)
 ParOldGen       total 87552K, used 5880K [0x0000000080800000, 0x0000000085d80000, 0x00000000d5800000)
  object space 87552K, 6% used [0x0000000080800000,0x0000000080dbe3d0,0x0000000085d80000)
 Metaspace       used 20214K, capacity 21154K, committed 21296K, reserved 1067008K
  class space    used 2637K, capacity 2862K, committed 2944K, reserved 1048576K
Event: 1.692 GC heap after
Heap after GC invocations=5 (full 0):
 PSYoungGen      total 71680K, used 5088K [0x00000000d5800000, 0x00000000deb00000, 0x0000000100000000)
  eden space 66560K, 0% used [0x00000000d5800000,0x00000000d5800000,0x00000000d9900000)
  from space 5120K, 99% used [0x00000000d9900000,0x00000000d9df8238,0x00000000d9e00000)
  to   space 8704K, 0% used [0x00000000de280000,0x00000000de280000,0x00000000deb00000)
 ParOldGen       total 87552K, used 5969K [0x0000000080800000, 0x0000000085d80000, 0x00000000d5800000)
  object space 87552K, 6% used [0x0000000080800000,0x0000000080dd45c0,0x0000000085d80000)
 Metaspace       used 20214K, capacity 21154K, committed 21296K, reserved 1067008K
  class space    used 2637K, capacity 2862K, committed 2944K, reserved 1048576K
}
Event: 1.692 GC heap before
{Heap before GC invocations=6 (full 1):
 PSYoungGen      total 71680K, used 5088K [0x00000000d5800000, 0x00000000deb00000, 0x0000000100000000)
  eden space 66560K, 0% used [0x00000000d5800000,0x00000000d5800000,0x00000000d9900000)
  from space 5120K, 99% used [0x00000000d9900000,0x00000000d9df8238,0x00000000d9e00000)
  to   space 8704K, 0% used [0x00000000de280000,0x00000000de280000,0x00000000deb00000)
 ParOldGen       total 87552K, used 5969K [0x0000000080800000, 0x0000000085d80000, 0x00000000d5800000)
  object space 87552K, 6% used [0x0000000080800000,0x0000000080dd45c0,0x0000000085d80000)
 Metaspace       used 20214K, capacity 21154K, committed 21296K, reserved 1067008K
  class space    used 2637K, capacity 2862K, committed 2944K, reserved 1048576K
Event: 1.716 GC heap after
Heap after GC invocations=6 (full 1):
 PSYoungGen      total 71680K, used 0K [0x00000000d5800000, 0x00000000deb00000, 0x0000000100000000)
  eden space 66560K, 0% used [0x00000000d5800000,0x00000000d5800000,0x00000000d9900000)
  from space 5120K, 0% used [0x00000000d9900000,0x00000000d9900000,0x00000000d9e00000)
  to   space 8704K, 0% used [0x00000000de280000,0x00000000de280000,0x00000000deb00000)
 ParOldGen       total 45568K, used 5689K [0x0000000080800000, 0x0000000083480000, 0x00000000d5800000)
  object space 45568K, 12% used [0x0000000080800000,0x0000000080d8e5e0,0x0000000083480000)
 Metaspace       used 20214K, capacity 21154K, committed 21296K, reserved 1067008K
  class space    used 2637K, capacity 2862K, committed 2944K, reserved 1048576K
}
Event: 2.124 GC heap before
{Heap before GC invocations=7 (full 1):
 PSYoungGen      total 71680K, used 66560K [0x00000000d5800000, 0x00000000deb00000, 0x0000000100000000)
  eden space 66560K, 100% used [0x00000000d5800000,0x00000000d9900000,0x00000000d9900000)
  from space 5120K, 0% used [0x00000000d9900000,0x00000000d9900000,0x00000000d9e00000)
  to   space 8704K, 0% used [0x00000000de280000,0x00000000de280000,0x00000000deb00000)
 ParOldGen       total 45568K, used 5689K [0x0000000080800000, 0x0000000083480000, 0x00000000d5800000)
  object space 45568K, 12% used [0x0000000080800000,0x0000000080d8e5e0,0x0000000083480000)
 Metaspace       used 24511K, capacity 25670K, committed 25856K, reserved 1071104K
  class space    used 3205K, capacity 3467K, committed 3584K, reserved 1048576K
Event: 2.129 GC heap after
Heap after GC invocations=7 (full 1):
 PSYoungGen      total 133120K, used 7314K [0x00000000d5800000, 0x00000000dea00000, 0x0000000100000000)
  eden space 125440K, 0% used [0x00000000d5800000,0x00000000d5800000,0x00000000dd280000)
  from space 7680K, 95% used [0x00000000de280000,0x00000000de9a4a30,0x00000000dea00000)
  to   space 9216K, 0% used [0x00000000dd800000,0x00000000dd800000,0x00000000de100000)
 ParOldGen       total 45568K, used 5697K [0x0000000080800000, 0x0000000083480000, 0x00000000d5800000)
  object space 45568K, 12% used [0x0000000080800000,0x0000000080d905e0,0x0000000083480000)
 Metaspace       used 24511K, capacity 25670K, committed 25856K, reserved 1071104K
  class space    used 3205K, capacity 3467K, committed 3584K, reserved 1048576K
}
Event: 3.530 GC heap before
{Heap before GC invocations=8 (full 1):
 PSYoungGen      total 133120K, used 106086K [0x00000000d5800000, 0x00000000dea00000, 0x0000000100000000)
  eden space 125440K, 78% used [0x00000000d5800000,0x00000000db875170,0x00000000dd280000)
  from space 7680K, 95% used [0x00000000de280000,0x00000000de9a4a30,0x00000000dea00000)
  to   space 9216K, 0% used [0x00000000dd800000,0x00000000dd800000,0x00000000de100000)
 ParOldGen       total 45568K, used 5697K [0x0000000080800000, 0x0000000083480000, 0x00000000d5800000)
  object space 45568K, 12% used [0x0000000080800000,0x0000000080d905e0,0x0000000083480000)
 Metaspace       used 33372K, capacity 35414K, committed 35496K, reserved 1079296K
  class space    used 4422K, capacity 4825K, committed 4864K, reserved 1048576K
Event: 3.539 GC heap after
Heap after GC invocations=8 (full 1):
 PSYoungGen      total 134656K, used 9188K [0x00000000d5800000, 0x00000000dea00000, 0x0000000100000000)
  eden space 125440K, 0% used [0x00000000d5800000,0x00000000d5800000,0x00000000dd280000)
  from space 9216K, 99% used [0x00000000dd800000,0x00000000de0f9108,0x00000000de100000)
  to   space 7680K, 0% used [0x00000000de280000,0x00000000de280000,0x00000000dea00000)
 ParOldGen       total 45568K, used 9610K [0x0000000080800000, 0x0000000083480000, 0x00000000d5800000)
  object space 45568K, 21% used [0x0000000080800000,0x00000000811629e0,0x0000000083480000)
 Metaspace       used 33372K, capacity 35414K, committed 35496K, reserved 1079296K
  class space    used 4422K, capacity 4825K, committed 4864K, reserved 1048576K
}
Event: 3.539 GC heap before
{Heap before GC invocations=9 (full 2):
 PSYoungGen      total 134656K, used 9188K [0x00000000d5800000, 0x00000000dea00000, 0x0000000100000000)
  eden space 125440K, 0% used [0x00000000d5800000,0x00000000d5800000,0x00000000dd280000)
  from space 9216K, 99% used [0x00000000dd800000,0x00000000de0f9108,0x00000000de100000)
  to   space 7680K, 0% used [0x00000000de280000,0x00000000de280000,0x00000000dea00000)
 ParOldGen       total 45568K, used 9610K [0x0000000080800000, 0x0000000083480000, 0x00000000d5800000)
  object space 45568K, 21% used [0x0000000080800000,0x00000000811629e0,0x0000000083480000)
 Metaspace       used 33372K, capacity 35414K, committed 35496K, reserved 1079296K
  class space    used 4422K, capacity 4825K, committed 4864K, reserved 1048576K
Event: 3.595 GC heap after
Heap after GC invocations=9 (full 2):
 PSYoungGen      total 134656K, used 0K [0x00000000d5800000, 0x00000000dea00000, 0x0000000100000000)
  eden space 125440K, 0% used [0x00000000d5800000,0x00000000d5800000,0x00000000dd280000)
  from space 9216K, 0% used [0x00000000dd800000,0x00000000dd800000,0x00000000de100000)
  to   space 7680K, 0% used [0x00000000de280000,0x00000000de280000,0x00000000dea00000)
 ParOldGen       total 45568K, used 17316K [0x0000000080800000, 0x0000000083480000, 0x00000000d5800000)
  object space 45568K, 38% used [0x0000000080800000,0x00000000818e93e8,0x0000000083480000)
 Metaspace       used 33372K, capacity 35414K, committed 35496K, reserved 1079296K
  class space    used 4422K, capacity 4825K, committed 4864K, reserved 1048576K
}

