# JRE version: Java(TM) SE Runtime Environment (8.0_341-b10) (build 1.8.0_341-b10)
# Java VM: Java HotSpot(TM) 64-Bit Server VM (25.341-b10 mixed mode windows-amd64 compressed oops)
Heap:
 PSYoungGen      total 111616K, used 13432K [0x00000000d5800000, 0x00000000dce80000, 0x0000000100000000)
  eden space 102400K, 13% used [0x00000000d5800000,0x00000000d651e160,0x00000000dbc00000)
  from space 9216K, 0% used [0x00000000dbc00000,0x00000000dbc00000,0x00000000dc500000)
  to   space 8192K, 0% used [0x00000000dc500000,0x00000000dc500000,0x00000000dcd00000)
 ParOldGen       total 95232K, used 14791K [0x0000000080800000, 0x0000000086500000, 0x00000000d5800000)
  object space 95232K, 15% used [0x0000000080800000,0x0000000081671ce8,0x0000000086500000)
 Metaspace       used 33443K, capacity 35754K, committed 35968K, reserved 1081344K
  class space    used 4557K, capacity 4983K, committed 4992K, reserved 1048576K
GC Heap History (10 events):
Event: 1.503 GC heap before
{Heap before GC invocations=5 (full 1):
 PSYoungGen      total 71680K, used 5091K [0x00000000d5800000, 0x00000000da300000, 0x0000000100000000)
  eden space 66560K, 0% used [0x00000000d5800000,0x00000000d5800000,0x00000000d9900000)
  from space 5120K, 99% used [0x00000000d9e00000,0x00000000da2f8d30,0x00000000da300000)
  to   space 5120K, 0% used [0x00000000d9900000,0x00000000d9900000,0x00000000d9e00000)
 ParOldGen       total 87552K, used 3812K [0x0000000080800000, 0x0000000085d80000, 0x00000000d5800000)
  object space 87552K, 4% used [0x0000000080800000,0x0000000080bb9128,0x0000000085d80000)
 Metaspace       used 19667K, capacity 21216K, committed 21296K, reserved 1067008K
  class space    used 2613K, capacity 2924K, committed 2944K, reserved 1048576K
Event: 1.523 GC heap after
Heap after GC invocations=5 (full 1):
 PSYoungGen      total 71680K, used 0K [0x00000000d5800000, 0x00000000da300000, 0x0000000100000000)
  eden space 66560K, 0% used [0x00000000d5800000,0x00000000d5800000,0x00000000d9900000)
  from space 5120K, 0% used [0x00000000d9e00000,0x00000000d9e00000,0x00000000da300000)
  to   space 5120K, 0% used [0x00000000d9900000,0x00000000d9900000,0x00000000d9e00000)
 ParOldGen       total 58368K, used 7045K [0x0000000080800000, 0x0000000084100000, 0x00000000d5800000)
  object space 58368K, 12% used [0x0000000080800000,0x0000000080ee1538,0x0000000084100000)
 Metaspace       used 19667K, capacity 21216K, committed 21296K, reserved 1067008K
  class space    used 2613K, capacity 2924K, committed 2944K, reserved 1048576K
}
Event: 1.818 GC heap before
{Heap before GC invocations=6 (full 1):
 PSYoungGen      total 71680K, used 66560K [0x00000000d5800000, 0x00000000da300000, 0x0000000100000000)
  eden space 66560K, 100% used [0x00000000d5800000,0x00000000d9900000,0x00000000d9900000)
  from space 5120K, 0% used [0x00000000d9e00000,0x00000000d9e00000,0x00000000da300000)
  to   space 5120K, 0% used [0x00000000d9900000,0x00000000d9900000,0x00000000d9e00000)
 ParOldGen       total 58368K, used 7045K [0x0000000080800000, 0x0000000084100000, 0x00000000d5800000)
  object space 58368K, 12% used [0x0000000080800000,0x0000000080ee1538,0x0000000084100000)
 Metaspace       used 24608K, capacity 26238K, committed 26496K, reserved 1073152K
  class space    used 3289K, capacity 3601K, committed 3712K, reserved 1048576K
Event: 1.823 GC heap after
Heap after GC invocations=6 (full 1):
 PSYoungGen      total 71680K, used 5112K [0x00000000d5800000, 0x00000000dcd00000, 0x0000000100000000)
  eden space 66560K, 0% used [0x00000000d5800000,0x00000000d5800000,0x00000000d9900000)
  from space 5120K, 99% used [0x00000000d9900000,0x00000000d9dfe2a8,0x00000000d9e00000)
  to   space 8192K, 0% used [0x00000000dc500000,0x00000000dc500000,0x00000000dcd00000)
 ParOldGen       total 58368K, used 8823K [0x0000000080800000, 0x0000000084100000, 0x00000000d5800000)
  object space 58368K, 15% used [0x0000000080800000,0x000000008109df78,0x0000000084100000)
 Metaspace       used 24608K, capacity 26238K, committed 26496K, reserved 1073152K
  class space    used 3289K, capacity 3601K, committed 3712K, reserved 1048576K
}
Event: 2.201 GC heap before
{Heap before GC invocations=7 (full 1):
 PSYoungGen      total 71680K, used 71672K [0x00000000d5800000, 0x00000000dcd00000, 0x0000000100000000)
  eden space 66560K, 100% used [0x00000000d5800000,0x00000000d9900000,0x00000000d9900000)
  from space 5120K, 99% used [0x00000000d9900000,0x00000000d9dfe2a8,0x00000000d9e00000)
  to   space 8192K, 0% used [0x00000000dc500000,0x00000000dc500000,0x00000000dcd00000)
 ParOldGen       total 58368K, used 8823K [0x0000000080800000, 0x0000000084100000, 0x00000000d5800000)
  object space 58368K, 15% used [0x0000000080800000,0x000000008109df78,0x0000000084100000)
 Metaspace       used 28241K, capacity 30016K, committed 30336K, reserved 1075200K
  class space    used 3791K, capacity 4140K, committed 4224K, reserved 1048576K
Event: 2.206 GC heap after
Heap after GC invocations=7 (full 1):
 PSYoungGen      total 110592K, used 7928K [0x00000000d5800000, 0x00000000dce80000, 0x0000000100000000)
  eden space 102400K, 0% used [0x00000000d5800000,0x00000000d5800000,0x00000000dbc00000)
  from space 8192K, 96% used [0x00000000dc500000,0x00000000dccbe298,0x00000000dcd00000)
  to   space 9216K, 0% used [0x00000000dbc00000,0x00000000dbc00000,0x00000000dc500000)
 ParOldGen       total 58368K, used 8831K [0x0000000080800000, 0x0000000084100000, 0x00000000d5800000)
  object space 58368K, 15% used [0x0000000080800000,0x000000008109ff78,0x0000000084100000)
 Metaspace       used 28241K, capacity 30016K, committed 30336K, reserved 1075200K
  class space    used 3791K, capacity 4140K, committed 4224K, reserved 1048576K
}
Event: 2.886 GC heap before
{Heap before GC invocations=8 (full 1):
 PSYoungGen      total 110592K, used 97383K [0x00000000d5800000, 0x00000000dce80000, 0x0000000100000000)
  eden space 102400K, 87% used [0x00000000d5800000,0x00000000daf5bbf8,0x00000000dbc00000)
  from space 8192K, 96% used [0x00000000dc500000,0x00000000dccbe298,0x00000000dcd00000)
  to   space 9216K, 0% used [0x00000000dbc00000,0x00000000dbc00000,0x00000000dc500000)
 ParOldGen       total 58368K, used 8831K [0x0000000080800000, 0x0000000084100000, 0x00000000d5800000)
  object space 58368K, 15% used [0x0000000080800000,0x000000008109ff78,0x0000000084100000)
 Metaspace       used 33063K, capacity 35350K, committed 35456K, reserved 1079296K
  class space    used 4499K, capacity 4939K, committed 4992K, reserved 1048576K
Event: 2.899 GC heap after
Heap after GC invocations=8 (full 1):
 PSYoungGen      total 111616K, used 9199K [0x00000000d5800000, 0x00000000dce80000, 0x0000000100000000)
  eden space 102400K, 0% used [0x00000000d5800000,0x00000000d5800000,0x00000000dbc00000)
  from space 9216K, 99% used [0x00000000dbc00000,0x00000000dc4fbd88,0x00000000dc500000)
  to   space 8192K, 0% used [0x00000000dc500000,0x00000000dc500000,0x00000000dcd00000)
 ParOldGen       total 58368K, used 10179K [0x0000000080800000, 0x0000000084100000, 0x00000000d5800000)
  object space 58368K, 17% used [0x0000000080800000,0x00000000811f0f98,0x0000000084100000)
 Metaspace       used 33063K, capacity 35350K, committed 35456K, reserved 1079296K
  class space    used 4499K, capacity 4939K, committed 4992K, reserved 1048576K
}
Event: 2.899 GC heap before
{Heap before GC invocations=9 (full 2):
 PSYoungGen      total 111616K, used 9199K [0x00000000d5800000, 0x00000000dce80000, 0x0000000100000000)
  eden space 102400K, 0% used [0x00000000d5800000,0x00000000d5800000,0x00000000dbc00000)
  from space 9216K, 99% used [0x00000000dbc00000,0x00000000dc4fbd88,0x00000000dc500000)
  to   space 8192K, 0% used [0x00000000dc500000,0x00000000dc500000,0x00000000dcd00000)
 ParOldGen       total 58368K, used 10179K [0x0000000080800000, 0x0000000084100000, 0x00000000d5800000)
  object space 58368K, 17% used [0x0000000080800000,0x00000000811f0f98,0x0000000084100000)
 Metaspace       used 33063K, capacity 35350K, committed 35456K, reserved 1079296K
  class space    used 4499K, capacity 4939K, committed 4992K, reserved 1048576K
Event: 2.945 GC heap after
Heap after GC invocations=9 (full 2):
 PSYoungGen      total 111616K, used 0K [0x00000000d5800000, 0x00000000dce80000, 0x0000000100000000)
  eden space 102400K, 0% used [0x00000000d5800000,0x00000000d5800000,0x00000000dbc00000)
  from space 9216K, 0% used [0x00000000dbc00000,0x00000000dbc00000,0x00000000dc500000)
  to   space 8192K, 0% used [0x00000000dc500000,0x00000000dc500000,0x00000000dcd00000)
 ParOldGen       total 95232K, used 14791K [0x0000000080800000, 0x0000000086500000, 0x00000000d5800000)
  object space 95232K, 15% used [0x0000000080800000,0x0000000081671ce8,0x0000000086500000)
 Metaspace       used 33063K, capacity 35350K, committed 35456K, reserved 1079296K
  class space    used 4499K, capacity 4939K, committed 4992K, reserved 1048576K
}

